<?xml version="1.0" encoding="UTF-8"?>
<!-- Generated by org.testng.reporters.JUnitReportReporter -->
<testsuite hostname="ASUS" failures="0" tests="1" name="Assertion.Assertscript" time="3.998" errors="0" timestamp="2024-09-25T12:40:01 IST" skipped="0">
  <testcase classname="Assertion.Assertscript" name="login" time="3.998"/>
  <system-out/>
</testsuite> <!-- Assertion.Assertscript -->
