<?xml version="1.0" encoding="UTF-8"?>
<!-- Generated by org.testng.reporters.JUnitReportReporter -->
<testsuite hostname="ASUS" failures="0" tests="1" name="TestNG1.RunnerScript" time="23.925" errors="0" timestamp="2024-09-24T13:00:31 IST" skipped="0">
  <testcase classname="TestNG1.RunnerScript" name="launch" time="23.925"/>
  <system-out/>
</testsuite> <!-- TestNG1.RunnerScript -->
