<?xml version="1.0" encoding="UTF-8"?>
<!-- Generated by org.testng.reporters.JUnitReportReporter -->
<testsuite hostname="ASUS" failures="0" tests="2" name="TestNG.LoginFacebook" time="14.652" errors="0" timestamp="2024-09-20T12:42:19 IST" skipped="0">
  <testcase classname="TestNG.LoginFacebook" name="login" time="8.602"/>
  <system-out/>
  <testcase classname="TestNG.LoginFacebook" name="rightclick" time="6.050"/>
  <system-out/>
</testsuite> <!-- TestNG.LoginFacebook -->
