<?xml version="1.0" encoding="UTF-8"?>
<!-- Generated by org.testng.reporters.JUnitReportReporter -->
<testsuite hostname="ASUS" failures="0" tests="2" name="Parameters.LoginFacebook" time="15.017" errors="0" timestamp="2024-09-21T12:09:08 IST" skipped="0">
  <testcase classname="Parameters.LoginFacebook" name="rightclick" time="7.184"/>
  <system-out/>
  <testcase classname="Parameters.LoginFacebook" name="login" time="7.833"/>
  <system-out/>
</testsuite> <!-- Parameters.LoginFacebook -->
