<?xml version="1.0" encoding="UTF-8"?>
<!-- Generated by org.testng.reporters.JUnitReportReporter -->
<testsuite hostname="ASUS" failures="0" tests="1" name="TestNG1.Youtube" time="14.872" errors="0" timestamp="2024-09-20T12:42:19 IST" skipped="0">
  <testcase classname="TestNG1.Youtube" name="youtube" time="14.872"/>
  <system-out/>
</testsuite> <!-- TestNG1.Youtube -->
