<?xml version="1.0" encoding="UTF-8"?>
<!-- Generated by org.testng.reporters.JUnitReportReporter -->
<testsuite hostname="ASUS" failures="0" tests="1" name="POM_RunnerScript.RunnerScript" time="17.554" errors="0" timestamp="2024-09-28T12:41:14 IST" skipped="0">
  <testcase classname="POM_RunnerScript.RunnerScript" name="Loginfb" time="17.554"/>
  <system-out/>
</testsuite> <!-- POM_RunnerScript.RunnerScript -->
