<?xml version="1.0" encoding="UTF-8"?>
<!-- Generated by org.testng.reporters.JUnitReportReporter -->
<testsuite hostname="ASUS" failures="0" tests="4" name="groups.Homepage" time="0.013" errors="0" timestamp="2024-10-02T16:08:12 IST" skipped="0">
  <testcase classname="groups.Homepage" name="TC_03" time="0.001"/>
  <system-out/>
  <testcase classname="groups.Homepage" name="TC_01" time="0.010"/>
  <system-out/>
  <testcase classname="groups.Homepage" name="TC_02" time="0.001"/>
  <system-out/>
  <testcase classname="groups.Homepage" name="TC_04" time="0.001"/>
  <system-out/>
</testsuite> <!-- groups.Homepage -->
