<?xml version="1.0" encoding="UTF-8"?>
<!-- Generated by org.testng.reporters.JUnitReportReporter -->
<testsuite hostname="ASUS" failures="0" tests="3" name="groups.Signup" time="0.015" errors="0" timestamp="2024-10-02T15:35:29 IST" skipped="0">
  <testcase classname="groups.Signup" name="TC_04" time="0.002"/>
  <system-out/>
  <testcase classname="groups.Signup" name="TC_01" time="0.012"/>
  <system-out/>
  <testcase classname="groups.Signup" name="TC_02" time="0.001"/>
  <system-out/>
</testsuite> <!-- groups.Signup -->
