<?xml version="1.0" encoding="UTF-8"?>
<!-- Generated by org.testng.reporters.JUnitReportReporter -->
<testsuite hostname="ASUS" failures="0" tests="3" name="groupexclude.Allclass" time="0.015" errors="0" timestamp="2024-10-04T15:01:56 IST" skipped="0">
  <testcase classname="groupexclude.Allclass" name="TC_04" time="0.001"/>
  <system-out/>
  <testcase classname="groupexclude.Allclass" name="TC_05" time="0.001"/>
  <system-out/>
  <testcase classname="groupexclude.Allclass" name="TC_01" time="0.013"/>
  <system-out/>
</testsuite> <!-- groupexclude.Allclass -->
