<?xml version="1.0" encoding="UTF-8"?>
<!-- Generated by org.testng.reporters.JUnitReportReporter -->
<testsuite hostname="ASUS" failures="0" tests="2" name="TestNG.Demo" time="0.007" errors="0" timestamp="2024-09-20T12:42:19 IST" skipped="0">
  <testcase classname="TestNG.Demo" name="test2" time="0.000"/>
  <system-out>
    <![CDATA[hello India]]>
  </system-out>
  <testcase classname="TestNG.Demo" name="test1" time="0.007"/>
  <system-out>
    <![CDATA[hello world]]>
  </system-out>
</testsuite> <!-- TestNG.Demo -->
