<?xml version="1.0" encoding="UTF-8"?>
<!-- Generated by org.testng.reporters.JUnitReportReporter -->
<testsuite hostname="ASUS" failures="0" tests="4" name="Parameters.Youtube" time="51.181" errors="0" timestamp="2024-09-21T12:11:54 IST" skipped="0">
  <testcase classname="Parameters.Youtube" name="youtube" time="14.655"/>
  <system-out/>
  <testcase classname="Parameters.Youtube" name="youtube" time="14.842"/>
  <system-out/>
  <testcase classname="Parameters.Youtube" name="youtube" time="15.773"/>
  <system-out/>
  <testcase classname="Parameters.Youtube" name="rightclick" time="5.911"/>
  <system-out/>
</testsuite> <!-- Parameters.Youtube -->
