<?xml version="1.0" encoding="UTF-8"?>
<!-- Generated by org.testng.reporters.JUnitReportReporter -->
<testsuite hostname="ASUS" failures="0" tests="1" name="groupexclude.Login1" time="0.008" errors="0" timestamp="2024-10-02T15:49:21 IST" skipped="0">
  <testcase classname="groupexclude.Login1" name="TC_04" time="0.008"/>
  <system-out/>
</testsuite> <!-- groupexclude.Login1 -->
